{"C:\\Users\\mehdi\\Documents\\enna-projects\\backend\\subledger-api\\app.js": {"path":"C:\\Users\\mehdi\\Documents\\enna-projects\\backend\\subledger-api\\app.js","statementMap":{"0":{"start":{"line":7,"column":12},"end":{"line":7,"column":21}},"1":{"start":{"line":9,"column":0},"end":{"line":9,"column":24}},"2":{"start":{"line":11,"column":0},"end":{"line":11,"column":23}},"3":{"start":{"line":13,"column":0},"end":{"line":13,"column":34}},"4":{"start":{"line":14,"column":0},"end":{"line":14,"column":35}}},"fnMap":{},"branchMap":{},"s":{"0":3,"1":3,"2":3,"3":3,"4":3},"f":{},"b":{},"_coverageSchema":"1a1c01bbd47fc00a2c39e90264f33305004495a9","hash":"ca1795ff2fc272db40afb85089f2043e216b8a53"}
,"C:\\Users\\mehdi\\Documents\\enna-projects\\backend\\subledger-api\\controllers\\authController.js": {"path":"C:\\Users\\mehdi\\Documents\\enna-projects\\backend\\subledger-api\\controllers\\authController.js","statementMap":{"0":{"start":{"line":5,"column":20},"end":{"line":9,"column":1}},"1":{"start":{"line":6,"column":2},"end":{"line":8,"column":5}},"2":{"start":{"line":11,"column":15},"end":{"line":39,"column":1}},"3":{"start":{"line":12,"column":2},"end":{"line":38,"column":3}},"4":{"start":{"line":14,"column":20},"end":{"line":20,"column":6}},"5":{"start":{"line":22,"column":18},"end":{"line":22,"column":42}},"6":{"start":{"line":23,"column":4},"end":{"line":23,"column":23}},"7":{"start":{"line":24,"column":4},"end":{"line":31,"column":7}},"8":{"start":{"line":33,"column":4},"end":{"line":33,"column":21}},"9":{"start":{"line":34,"column":4},"end":{"line":37,"column":7}},"10":{"start":{"line":41,"column":14},"end":{"line":75,"column":1}},"11":{"start":{"line":42,"column":2},"end":{"line":74,"column":3}},"12":{"start":{"line":44,"column":32},"end":{"line":44,"column":40}},"13":{"start":{"line":45,"column":4},"end":{"line":50,"column":5}},"14":{"start":{"line":46,"column":6},"end":{"line":49,"column":9}},"15":{"start":{"line":53,"column":17},"end":{"line":53,"column":66}},"16":{"start":{"line":54,"column":20},"end":{"line":54,"column":71}},"17":{"start":{"line":55,"column":4},"end":{"line":55,"column":25}},"18":{"start":{"line":56,"column":4},"end":{"line":61,"column":5}},"19":{"start":{"line":57,"column":6},"end":{"line":60,"column":9}},"20":{"start":{"line":63,"column":18},"end":{"line":63,"column":39}},"21":{"start":{"line":65,"column":4},"end":{"line":68,"column":7}},"22":{"start":{"line":70,"column":4},"end":{"line":73,"column":7}},"23":{"start":{"line":77,"column":16},"end":{"line":111,"column":1}},"24":{"start":{"line":79,"column":2},"end":{"line":84,"column":3}},"25":{"start":{"line":83,"column":4},"end":{"line":83,"column":52}},"26":{"start":{"line":85,"column":2},"end":{"line":90,"column":3}},"27":{"start":{"line":86,"column":4},"end":{"line":89,"column":7}},"28":{"start":{"line":92,"column":2},"end":{"line":99,"column":3}},"29":{"start":{"line":93,"column":4},"end":{"line":93,"column":56}},"30":{"start":{"line":95,"column":4},"end":{"line":98,"column":7}},"31":{"start":{"line":100,"column":2},"end":{"line":100,"column":23}},"32":{"start":{"line":101,"column":20},"end":{"line":101,"column":51}},"33":{"start":{"line":102,"column":2},"end":{"line":107,"column":3}},"34":{"start":{"line":103,"column":4},"end":{"line":106,"column":7}},"35":{"start":{"line":108,"column":2},"end":{"line":108,"column":23}},"36":{"start":{"line":109,"column":2},"end":{"line":109,"column":24}},"37":{"start":{"line":110,"column":2},"end":{"line":110,"column":9}}},"fnMap":{"0":{"name":"(anonymous_0)","decl":{"start":{"line":5,"column":20},"end":{"line":5,"column":21}},"loc":{"start":{"line":5,"column":34},"end":{"line":9,"column":1}},"line":5},"1":{"name":"(anonymous_1)","decl":{"start":{"line":11,"column":15},"end":{"line":11,"column":16}},"loc":{"start":{"line":11,"column":35},"end":{"line":39,"column":1}},"line":11},"2":{"name":"(anonymous_2)","decl":{"start":{"line":41,"column":14},"end":{"line":41,"column":15}},"loc":{"start":{"line":41,"column":40},"end":{"line":75,"column":1}},"line":41},"3":{"name":"(anonymous_3)","decl":{"start":{"line":77,"column":16},"end":{"line":77,"column":17}},"loc":{"start":{"line":77,"column":42},"end":{"line":111,"column":1}},"line":77}},"branchMap":{"0":{"loc":{"start":{"line":45,"column":4},"end":{"line":50,"column":5}},"type":"if","locations":[{"start":{"line":45,"column":4},"end":{"line":50,"column":5}},{"start":{},"end":{}}],"line":45},"1":{"loc":{"start":{"line":45,"column":8},"end":{"line":45,"column":27}},"type":"binary-expr","locations":[{"start":{"line":45,"column":8},"end":{"line":45,"column":14}},{"start":{"line":45,"column":18},"end":{"line":45,"column":27}}],"line":45},"2":{"loc":{"start":{"line":56,"column":4},"end":{"line":61,"column":5}},"type":"if","locations":[{"start":{"line":56,"column":4},"end":{"line":61,"column":5}},{"start":{},"end":{}}],"line":56},"3":{"loc":{"start":{"line":56,"column":8},"end":{"line":56,"column":25}},"type":"binary-expr","locations":[{"start":{"line":56,"column":8},"end":{"line":56,"column":13}},{"start":{"line":56,"column":17},"end":{"line":56,"column":25}}],"line":56},"4":{"loc":{"start":{"line":79,"column":2},"end":{"line":84,"column":3}},"type":"if","locations":[{"start":{"line":79,"column":2},"end":{"line":84,"column":3}},{"start":{},"end":{}}],"line":79},"5":{"loc":{"start":{"line":80,"column":4},"end":{"line":81,"column":50}},"type":"binary-expr","locations":[{"start":{"line":80,"column":4},"end":{"line":80,"column":29}},{"start":{"line":81,"column":4},"end":{"line":81,"column":50}}],"line":80},"6":{"loc":{"start":{"line":85,"column":2},"end":{"line":90,"column":3}},"type":"if","locations":[{"start":{"line":85,"column":2},"end":{"line":90,"column":3}},{"start":{},"end":{}}],"line":85},"7":{"loc":{"start":{"line":102,"column":2},"end":{"line":107,"column":3}},"type":"if","locations":[{"start":{"line":102,"column":2},"end":{"line":107,"column":3}},{"start":{},"end":{}}],"line":102}},"s":{"0":3,"1":4,"2":3,"3":7,"4":7,"5":2,"6":2,"7":2,"8":5,"9":5,"10":3,"11":4,"12":4,"13":4,"14":2,"15":2,"16":2,"17":2,"18":2,"19":0,"20":2,"21":2,"22":0,"23":3,"24":5,"25":5,"26":5,"27":0,"28":5,"29":5,"30":0,"31":5,"32":5,"33":5,"34":0,"35":5,"36":5,"37":5},"f":{"0":4,"1":7,"2":4,"3":5},"b":{"0":[2,2],"1":[4,3],"2":[0,2],"3":[2,2],"4":[5,0],"5":[5,5],"6":[0,5],"7":[0,5]},"_coverageSchema":"1a1c01bbd47fc00a2c39e90264f33305004495a9","hash":"27b122bff7abc38dc90a0828a85c49b27660f89d"}
,"C:\\Users\\mehdi\\Documents\\enna-projects\\backend\\subledger-api\\controllers\\subscriptionController.js": {"path":"C:\\Users\\mehdi\\Documents\\enna-projects\\backend\\subledger-api\\controllers\\subscriptionController.js","statementMap":{"0":{"start":{"line":3,"column":27},"end":{"line":25,"column":1}},"1":{"start":{"line":4,"column":2},"end":{"line":24,"column":3}},"2":{"start":{"line":5,"column":28},"end":{"line":11,"column":6}},"3":{"start":{"line":12,"column":4},"end":{"line":18,"column":7}},"4":{"start":{"line":20,"column":4},"end":{"line":23,"column":7}},"5":{"start":{"line":27,"column":28},"end":{"line":44,"column":1}},"6":{"start":{"line":28,"column":2},"end":{"line":43,"column":3}},"7":{"start":{"line":29,"column":26},"end":{"line":29,"column":75}},"8":{"start":{"line":31,"column":4},"end":{"line":37,"column":7}},"9":{"start":{"line":39,"column":4},"end":{"line":42,"column":7}},"10":{"start":{"line":46,"column":24},"end":{"line":72,"column":1}},"11":{"start":{"line":47,"column":2},"end":{"line":71,"column":3}},"12":{"start":{"line":48,"column":25},"end":{"line":51,"column":6}},"13":{"start":{"line":52,"column":4},"end":{"line":52,"column":30}},"14":{"start":{"line":53,"column":4},"end":{"line":58,"column":5}},"15":{"start":{"line":54,"column":6},"end":{"line":57,"column":9}},"16":{"start":{"line":60,"column":4},"end":{"line":65,"column":7}},"17":{"start":{"line":67,"column":4},"end":{"line":70,"column":7}},"18":{"start":{"line":74,"column":27},"end":{"line":103,"column":1}},"19":{"start":{"line":75,"column":2},"end":{"line":102,"column":3}},"20":{"start":{"line":76,"column":25},"end":{"line":83,"column":5}},"21":{"start":{"line":84,"column":4},"end":{"line":89,"column":5}},"22":{"start":{"line":85,"column":6},"end":{"line":88,"column":9}},"23":{"start":{"line":90,"column":4},"end":{"line":95,"column":7}},"24":{"start":{"line":97,"column":4},"end":{"line":101,"column":7}},"25":{"start":{"line":105,"column":27},"end":{"line":118,"column":1}},"26":{"start":{"line":106,"column":2},"end":{"line":117,"column":3}},"27":{"start":{"line":107,"column":25},"end":{"line":107,"column":76}},"28":{"start":{"line":108,"column":4},"end":{"line":111,"column":7}},"29":{"start":{"line":113,"column":4},"end":{"line":116,"column":7}}},"fnMap":{"0":{"name":"(anonymous_0)","decl":{"start":{"line":3,"column":27},"end":{"line":3,"column":28}},"loc":{"start":{"line":3,"column":47},"end":{"line":25,"column":1}},"line":3},"1":{"name":"(anonymous_1)","decl":{"start":{"line":27,"column":28},"end":{"line":27,"column":29}},"loc":{"start":{"line":27,"column":48},"end":{"line":44,"column":1}},"line":27},"2":{"name":"(anonymous_2)","decl":{"start":{"line":46,"column":24},"end":{"line":46,"column":25}},"loc":{"start":{"line":46,"column":44},"end":{"line":72,"column":1}},"line":46},"3":{"name":"(anonymous_3)","decl":{"start":{"line":74,"column":27},"end":{"line":74,"column":28}},"loc":{"start":{"line":74,"column":47},"end":{"line":103,"column":1}},"line":74},"4":{"name":"(anonymous_4)","decl":{"start":{"line":105,"column":27},"end":{"line":105,"column":28}},"loc":{"start":{"line":105,"column":47},"end":{"line":118,"column":1}},"line":105}},"branchMap":{"0":{"loc":{"start":{"line":53,"column":4},"end":{"line":58,"column":5}},"type":"if","locations":[{"start":{"line":53,"column":4},"end":{"line":58,"column":5}},{"start":{},"end":{}}],"line":53},"1":{"loc":{"start":{"line":84,"column":4},"end":{"line":89,"column":5}},"type":"if","locations":[{"start":{"line":84,"column":4},"end":{"line":89,"column":5}},{"start":{},"end":{}}],"line":84}},"s":{"0":3,"1":5,"2":5,"3":1,"4":4,"5":3,"6":0,"7":0,"8":0,"9":0,"10":3,"11":0,"12":0,"13":0,"14":0,"15":0,"16":0,"17":0,"18":3,"19":0,"20":0,"21":0,"22":0,"23":0,"24":0,"25":3,"26":0,"27":0,"28":0,"29":0},"f":{"0":5,"1":0,"2":0,"3":0,"4":0},"b":{"0":[0,0],"1":[0,0]},"_coverageSchema":"1a1c01bbd47fc00a2c39e90264f33305004495a9","hash":"7aa605deed7d09a4fc01da22bf6d7f184cfad074"}
,"C:\\Users\\mehdi\\Documents\\enna-projects\\backend\\subledger-api\\controllers\\userController.js": {"path":"C:\\Users\\mehdi\\Documents\\enna-projects\\backend\\subledger-api\\controllers\\userController.js","statementMap":{"0":{"start":{"line":3,"column":20},"end":{"line":18,"column":1}},"1":{"start":{"line":4,"column":2},"end":{"line":17,"column":3}},"2":{"start":{"line":5,"column":18},"end":{"line":5,"column":35}},"3":{"start":{"line":7,"column":4},"end":{"line":10,"column":7}},"4":{"start":{"line":13,"column":4},"end":{"line":16,"column":7}}},"fnMap":{"0":{"name":"(anonymous_0)","decl":{"start":{"line":3,"column":20},"end":{"line":3,"column":21}},"loc":{"start":{"line":3,"column":40},"end":{"line":18,"column":1}},"line":3}},"branchMap":{},"s":{"0":3,"1":0,"2":0,"3":0,"4":0},"f":{"0":0},"b":{},"_coverageSchema":"1a1c01bbd47fc00a2c39e90264f33305004495a9","hash":"f850f0d782ae084f3bf8bee731c41f7dbc0d2506"}
,"C:\\Users\\mehdi\\Documents\\enna-projects\\backend\\subledger-api\\middlewares\\roleMiddleware.js": {"path":"C:\\Users\\mehdi\\Documents\\enna-projects\\backend\\subledger-api\\middlewares\\roleMiddleware.js","statementMap":{"0":{"start":{"line":3,"column":19},"end":{"line":15,"column":1}},"1":{"start":{"line":5,"column":2},"end":{"line":14,"column":3}},"2":{"start":{"line":6,"column":4},"end":{"line":6,"column":31}},"3":{"start":{"line":7,"column":4},"end":{"line":12,"column":5}},"4":{"start":{"line":8,"column":6},"end":{"line":11,"column":8}},"5":{"start":{"line":13,"column":4},"end":{"line":13,"column":11}}},"fnMap":{"0":{"name":"(anonymous_0)","decl":{"start":{"line":3,"column":19},"end":{"line":3,"column":20}},"loc":{"start":{"line":3,"column":33},"end":{"line":15,"column":1}},"line":3},"1":{"name":"(anonymous_1)","decl":{"start":{"line":5,"column":9},"end":{"line":5,"column":10}},"loc":{"start":{"line":5,"column":29},"end":{"line":14,"column":3}},"line":5}},"branchMap":{"0":{"loc":{"start":{"line":7,"column":4},"end":{"line":12,"column":5}},"type":"if","locations":[{"start":{"line":7,"column":4},"end":{"line":12,"column":5}},{"start":{},"end":{}}],"line":7}},"s":{"0":3,"1":3,"2":0,"3":0,"4":0,"5":0},"f":{"0":3,"1":0},"b":{"0":[0,0]},"_coverageSchema":"1a1c01bbd47fc00a2c39e90264f33305004495a9","hash":"164cf0aebcb46b342c8c5d308e4fa4b32534eaf3"}
,"C:\\Users\\mehdi\\Documents\\enna-projects\\backend\\subledger-api\\models\\Subscription.js": {"path":"C:\\Users\\mehdi\\Documents\\enna-projects\\backend\\subledger-api\\models\\Subscription.js","statementMap":{"0":{"start":{"line":2,"column":27},"end":{"line":28,"column":2}},"1":{"start":{"line":30,"column":21},"end":{"line":30,"column":71}}},"fnMap":{},"branchMap":{},"s":{"0":3,"1":3},"f":{},"b":{},"_coverageSchema":"1a1c01bbd47fc00a2c39e90264f33305004495a9","hash":"1345efa4fecb2c9a8e210828f208c189c3c8c56b"}
,"C:\\Users\\mehdi\\Documents\\enna-projects\\backend\\subledger-api\\models\\User.js": {"path":"C:\\Users\\mehdi\\Documents\\enna-projects\\backend\\subledger-api\\models\\User.js","statementMap":{"0":{"start":{"line":5,"column":19},"end":{"line":35,"column":2}},"1":{"start":{"line":37,"column":0},"end":{"line":44,"column":3}},"2":{"start":{"line":39,"column":2},"end":{"line":39,"column":49}},"3":{"start":{"line":39,"column":36},"end":{"line":39,"column":49}},"4":{"start":{"line":41,"column":2},"end":{"line":41,"column":55}},"5":{"start":{"line":43,"column":2},"end":{"line":43,"column":35}},"6":{"start":{"line":48,"column":0},"end":{"line":50,"column":1}},"7":{"start":{"line":49,"column":2},"end":{"line":49,"column":63}},"8":{"start":{"line":53,"column":13},"end":{"line":53,"column":47}}},"fnMap":{"0":{"name":"(anonymous_0)","decl":{"start":{"line":37,"column":23},"end":{"line":37,"column":24}},"loc":{"start":{"line":37,"column":45},"end":{"line":44,"column":1}},"line":37},"1":{"name":"(anonymous_1)","decl":{"start":{"line":48,"column":37},"end":{"line":48,"column":38}},"loc":{"start":{"line":48,"column":86},"end":{"line":50,"column":1}},"line":48}},"branchMap":{"0":{"loc":{"start":{"line":39,"column":2},"end":{"line":39,"column":49}},"type":"if","locations":[{"start":{"line":39,"column":2},"end":{"line":39,"column":49}},{"start":{},"end":{}}],"line":39}},"s":{"0":3,"1":3,"2":2,"3":0,"4":2,"5":2,"6":3,"7":2,"8":3},"f":{"0":2,"1":2},"b":{"0":[0,2]},"_coverageSchema":"1a1c01bbd47fc00a2c39e90264f33305004495a9","hash":"a14e3cf718c18ac7a6f1d9c45956824829b31c43"}
,"C:\\Users\\mehdi\\Documents\\enna-projects\\backend\\subledger-api\\routes\\subscriptionRoutes.js": {"path":"C:\\Users\\mehdi\\Documents\\enna-projects\\backend\\subledger-api\\routes\\subscriptionRoutes.js","statementMap":{"0":{"start":{"line":4,"column":15},"end":{"line":4,"column":23}},"1":{"start":{"line":6,"column":0},"end":{"line":7,"column":65}},"2":{"start":{"line":9,"column":0},"end":{"line":13,"column":60}}},"fnMap":{},"branchMap":{},"s":{"0":3,"1":3,"2":3},"f":{},"b":{},"_coverageSchema":"1a1c01bbd47fc00a2c39e90264f33305004495a9","hash":"192bef86e2b858a88a6bc38899c6a023cc51bf10"}
,"C:\\Users\\mehdi\\Documents\\enna-projects\\backend\\subledger-api\\routes\\userRoutes.js": {"path":"C:\\Users\\mehdi\\Documents\\enna-projects\\backend\\subledger-api\\routes\\userRoutes.js","statementMap":{"0":{"start":{"line":7,"column":15},"end":{"line":7,"column":23}},"1":{"start":{"line":8,"column":0},"end":{"line":8,"column":53}},"2":{"start":{"line":9,"column":0},"end":{"line":9,"column":59}}},"fnMap":{},"branchMap":{},"s":{"0":3,"1":3,"2":3},"f":{},"b":{},"_coverageSchema":"1a1c01bbd47fc00a2c39e90264f33305004495a9","hash":"93d1730f2523d5623cb0e4530da6f74c1e2e8462"}
}
