TN:
SF:app.js
FNF:0
FNH:0
DA:7,2
DA:9,2
DA:11,2
DA:13,2
DA:14,2
LF:5
LH:5
BRF:0
BRH:0
end_of_record
TN:
SF:controllers\authController.js
FN:5,(anonymous_0)
FN:11,(anonymous_1)
FN:41,(anonymous_2)
FN:77,(anonymous_3)
FNF:4
FNH:3
FNDA:2,(anonymous_0)
FNDA:6,(anonymous_1)
FNDA:3,(anonymous_2)
FNDA:0,(anonymous_3)
DA:5,2
DA:6,2
DA:11,2
DA:12,6
DA:14,6
DA:22,1
DA:23,1
DA:24,1
DA:33,5
DA:34,5
DA:41,2
DA:42,3
DA:44,3
DA:45,3
DA:46,2
DA:53,1
DA:54,1
DA:55,1
DA:56,1
DA:57,0
DA:63,1
DA:65,1
DA:70,0
DA:77,2
DA:79,0
DA:83,0
DA:85,0
DA:86,0
DA:92,0
DA:93,0
DA:95,0
DA:100,0
DA:101,0
DA:102,0
DA:103,0
DA:108,0
DA:109,0
DA:110,0
LF:38
LH:22
BRDA:45,0,0,2
BRDA:45,0,1,1
BRDA:45,1,0,3
BRDA:45,1,1,2
BRDA:56,2,0,0
BRDA:56,2,1,1
BRDA:56,3,0,1
BRDA:56,3,1,1
BRDA:79,4,0,0
BRDA:79,4,1,0
BRDA:80,5,0,0
BRDA:80,5,1,0
BRDA:85,6,0,0
BRDA:85,6,1,0
BRDA:102,7,0,0
BRDA:102,7,1,0
BRF:16
BRH:7
end_of_record
TN:
SF:controllers\subscriptionController.js
FN:3,(anonymous_0)
FN:27,(anonymous_1)
FN:47,(anonymous_2)
FN:76,(anonymous_3)
FN:103,(anonymous_4)
FNF:5
FNH:0
FNDA:0,(anonymous_0)
FNDA:0,(anonymous_1)
FNDA:0,(anonymous_2)
FNDA:0,(anonymous_3)
FNDA:0,(anonymous_4)
DA:3,2
DA:4,0
DA:5,0
DA:12,0
DA:20,0
DA:27,2
DA:28,0
DA:29,0
DA:31,0
DA:40,0
DA:47,2
DA:48,0
DA:49,0
DA:53,0
DA:54,0
DA:55,0
DA:61,0
DA:69,0
DA:76,2
DA:77,0
DA:78,0
DA:82,0
DA:83,0
DA:88,0
DA:95,0
DA:103,2
DA:104,0
DA:105,0
DA:106,0
DA:111,0
LF:30
LH:5
BRDA:54,0,0,0
BRDA:54,0,1,0
BRDA:82,1,0,0
BRDA:82,1,1,0
BRF:4
BRH:0
end_of_record
TN:
SF:controllers\userController.js
FN:3,(anonymous_0)
FNF:1
FNH:0
FNDA:0,(anonymous_0)
DA:3,2
DA:4,0
DA:5,0
DA:7,0
DA:13,0
LF:5
LH:1
BRF:0
BRH:0
end_of_record
TN:
SF:middlewares\roleMiddleware.js
FN:3,(anonymous_0)
FN:5,(anonymous_1)
FNF:2
FNH:1
FNDA:2,(anonymous_0)
FNDA:0,(anonymous_1)
DA:3,2
DA:5,2
DA:6,0
DA:7,0
DA:8,0
DA:13,0
LF:6
LH:2
BRDA:7,0,0,0
BRDA:7,0,1,0
BRF:2
BRH:0
end_of_record
TN:
SF:models\Subscription.js
FNF:0
FNH:0
DA:2,2
DA:30,2
LF:2
LH:2
BRF:0
BRH:0
end_of_record
TN:
SF:models\User.js
FN:37,(anonymous_0)
FN:48,(anonymous_1)
FNF:2
FNH:2
FNDA:1,(anonymous_0)
FNDA:1,(anonymous_1)
DA:5,2
DA:37,2
DA:39,1
DA:41,1
DA:43,1
DA:48,2
DA:49,1
DA:53,2
LF:8
LH:8
BRDA:39,0,0,0
BRDA:39,0,1,1
BRF:2
BRH:1
end_of_record
TN:
SF:routes\subscriptionRoutes.js
FNF:0
FNH:0
DA:4,2
DA:6,2
DA:9,2
LF:3
LH:3
BRF:0
BRH:0
end_of_record
TN:
SF:routes\userRoutes.js
FNF:0
FNH:0
DA:7,2
DA:8,2
DA:9,2
LF:3
LH:3
BRF:0
BRH:0
end_of_record
