TN:
SF:app.js
FNF:0
FNH:0
DA:7,3
DA:9,3
DA:11,3
DA:13,3
DA:14,3
LF:5
LH:5
BRF:0
BRH:0
end_of_record
TN:
SF:controllers\authController.js
FN:5,(anonymous_0)
FN:11,(anonymous_1)
FN:41,(anonymous_2)
FN:77,(anonymous_3)
FNF:4
FNH:4
FNDA:4,(anonymous_0)
FNDA:7,(anonymous_1)
FNDA:4,(anonymous_2)
FNDA:5,(anonymous_3)
DA:5,3
DA:6,4
DA:11,3
DA:12,7
DA:14,7
DA:22,2
DA:23,2
DA:24,2
DA:33,5
DA:34,5
DA:41,3
DA:42,4
DA:44,4
DA:45,4
DA:46,2
DA:53,2
DA:54,2
DA:55,2
DA:56,2
DA:57,0
DA:63,2
DA:65,2
DA:70,0
DA:77,3
DA:79,5
DA:83,5
DA:85,5
DA:86,0
DA:92,5
DA:93,5
DA:95,0
DA:100,5
DA:101,5
DA:102,5
DA:103,0
DA:108,5
DA:109,5
DA:110,5
LF:38
LH:33
BRDA:45,0,0,2
BRDA:45,0,1,2
BRDA:45,1,0,4
BRDA:45,1,1,3
BRDA:56,2,0,0
BRDA:56,2,1,2
BRDA:56,3,0,2
BRDA:56,3,1,2
BRDA:79,4,0,5
BRDA:79,4,1,0
BRDA:80,5,0,5
BRDA:80,5,1,5
BRDA:85,6,0,0
BRDA:85,6,1,5
BRDA:102,7,0,0
BRDA:102,7,1,5
BRF:16
BRH:12
end_of_record
TN:
SF:controllers\subscriptionController.js
FN:3,(anonymous_0)
FN:27,(anonymous_1)
FN:46,(anonymous_2)
FN:74,(anonymous_3)
FN:105,(anonymous_4)
FNF:5
FNH:1
FNDA:5,(anonymous_0)
FNDA:0,(anonymous_1)
FNDA:0,(anonymous_2)
FNDA:0,(anonymous_3)
FNDA:0,(anonymous_4)
DA:3,3
DA:4,5
DA:5,5
DA:12,1
DA:20,4
DA:27,3
DA:28,0
DA:29,0
DA:31,0
DA:39,0
DA:46,3
DA:47,0
DA:48,0
DA:52,0
DA:53,0
DA:54,0
DA:60,0
DA:67,0
DA:74,3
DA:75,0
DA:76,0
DA:84,0
DA:85,0
DA:90,0
DA:97,0
DA:105,3
DA:106,0
DA:107,0
DA:108,0
DA:113,0
LF:30
LH:9
BRDA:53,0,0,0
BRDA:53,0,1,0
BRDA:84,1,0,0
BRDA:84,1,1,0
BRF:4
BRH:0
end_of_record
TN:
SF:controllers\userController.js
FN:3,(anonymous_0)
FNF:1
FNH:0
FNDA:0,(anonymous_0)
DA:3,3
DA:4,0
DA:5,0
DA:7,0
DA:13,0
LF:5
LH:1
BRF:0
BRH:0
end_of_record
TN:
SF:middlewares\roleMiddleware.js
FN:3,(anonymous_0)
FN:5,(anonymous_1)
FNF:2
FNH:1
FNDA:3,(anonymous_0)
FNDA:0,(anonymous_1)
DA:3,3
DA:5,3
DA:6,0
DA:7,0
DA:8,0
DA:13,0
LF:6
LH:2
BRDA:7,0,0,0
BRDA:7,0,1,0
BRF:2
BRH:0
end_of_record
TN:
SF:models\Subscription.js
FNF:0
FNH:0
DA:2,3
DA:30,3
LF:2
LH:2
BRF:0
BRH:0
end_of_record
TN:
SF:models\User.js
FN:37,(anonymous_0)
FN:48,(anonymous_1)
FNF:2
FNH:2
FNDA:2,(anonymous_0)
FNDA:2,(anonymous_1)
DA:5,3
DA:37,3
DA:39,2
DA:41,2
DA:43,2
DA:48,3
DA:49,2
DA:53,3
LF:8
LH:8
BRDA:39,0,0,0
BRDA:39,0,1,2
BRF:2
BRH:1
end_of_record
TN:
SF:routes\subscriptionRoutes.js
FNF:0
FNH:0
DA:4,3
DA:6,3
DA:9,3
LF:3
LH:3
BRF:0
BRH:0
end_of_record
TN:
SF:routes\userRoutes.js
FNF:0
FNH:0
DA:7,3
DA:8,3
DA:9,3
LF:3
LH:3
BRF:0
BRH:0
end_of_record
